\BOOKMARK [0][-]{chapter.1}{\376\377\152\041\127\127\175\042\137\025}{}% 1
\BOOKMARK [1][-]{section.1.1}{\376\377\152\041\127\127}{chapter.1}% 2
\BOOKMARK [0][-]{chapter.2}{\376\377\176\323\147\204\117\123\175\042\137\025}{}% 3
\BOOKMARK [1][-]{section.2.1}{\376\377\176\323\147\204\117\123}{chapter.2}% 4
\BOOKMARK [0][-]{chapter.3}{\376\377\145\207\116\366\175\042\137\025}{}% 5
\BOOKMARK [1][-]{section.3.1}{\376\377\145\207\116\366\122\027\210\150}{chapter.3}% 6
\BOOKMARK [0][-]{chapter.4}{\376\377\152\041\127\127\213\364\146\016}{}% 7
\BOOKMARK [1][-]{section.4.1}{\376\377\221\115\177\156\230\171}{chapter.4}% 8
\BOOKMARK [2][-]{subsection.4.1.1}{\376\377\213\346\176\306\143\317\217\360}{section.4.1}% 9
\BOOKMARK [1][-]{section.4.2}{\376\377\150\070\137\303\174\373\176\337}{chapter.4}% 10
\BOOKMARK [2][-]{subsection.4.2.1}{\376\377\213\346\176\306\143\317\217\360}{section.4.2}% 11
\BOOKMARK [1][-]{section.4.3}{\376\377\145\207\116\366\174\373\176\337}{chapter.4}% 12
\BOOKMARK [2][-]{subsection.4.3.1}{\376\377\213\346\176\306\143\317\217\360}{section.4.3}% 13
\BOOKMARK [1][-]{section.4.4}{\376\377\176\323\147\204}{chapter.4}% 14
\BOOKMARK [2][-]{subsection.4.4.1}{\376\377\213\346\176\306\143\317\217\360}{section.4.4}% 15
\BOOKMARK [2][-]{subsection.4.4.2}{\376\377\174\173\127\213\133\232\116\111\213\364\146\016}{section.4.4}% 16
\BOOKMARK [3][-]{subsubsection.4.4.2.1}{\376\377\000b\000l\000o\000c\000k\000\137\000t}{subsection.4.4.2}% 17
\BOOKMARK [3][-]{subsubsection.4.4.2.2}{\376\377\000d\000i\000r\000\137\000t}{subsection.4.4.2}% 18
\BOOKMARK [1][-]{section.4.5}{\376\377\000F\000S\210\114\116\072}{chapter.4}% 19
\BOOKMARK [2][-]{subsection.4.5.1}{\376\377\213\346\176\306\143\317\217\360}{section.4.5}% 20
\BOOKMARK [2][-]{subsection.4.5.2}{\376\377\121\375\145\160\213\364\146\016}{section.4.5}% 21
\BOOKMARK [3][-]{subsubsection.4.5.2.1}{\376\377\000a\000c\000q\000\137\000b\000l\000k\000\050\000\051}{subsection.4.5.2}% 22
\BOOKMARK [3][-]{subsubsection.4.5.2.2}{\376\377\000a\000d\000d\000\137\000b\000l\000k\000\137\000f\000o\000r\000\137\000f\000i\000l\000e\000\050\000\051}{subsection.4.5.2}% 23
\BOOKMARK [3][-]{subsubsection.4.5.2.3}{\376\377\000c\000d\000\050\000\051}{subsection.4.5.2}% 24
\BOOKMARK [3][-]{subsubsection.4.5.2.4}{\376\377\000c\000r\000e\000a\000t\000\050\000\051}{subsection.4.5.2}% 25
\BOOKMARK [3][-]{subsubsection.4.5.2.5}{\376\377\000c\000r\000e\000a\000t\000\137\000d\000i\000r\000\050\000\051}{subsection.4.5.2}% 26
\BOOKMARK [3][-]{subsubsection.4.5.2.6}{\376\377\000c\000r\000e\000a\000t\000\137\000d\000i\000r\000e\000n\000t\000\050\000\051}{subsection.4.5.2}% 27
\BOOKMARK [3][-]{subsubsection.4.5.2.7}{\376\377\000c\000r\000e\000a\000t\000\137\000f\000i\000l\000e\000\050\000\051}{subsection.4.5.2}% 28
\BOOKMARK [3][-]{subsubsection.4.5.2.8}{\376\377\000c\000r\000e\000a\000t\000\137\000i\000n\000o\000\050\000\051}{subsection.4.5.2}% 29
\BOOKMARK [3][-]{subsubsection.4.5.2.9}{\376\377\000c\000r\000e\000a\000t\000\137\000s\000t\000a\000t\000\050\000\051}{subsection.4.5.2}% 30
\BOOKMARK [3][-]{subsubsection.4.5.2.10}{\376\377\000f\000i\000n\000d\000\137\000f\000i\000l\000e\000\050\000\051}{subsection.4.5.2}% 31
\BOOKMARK [3][-]{subsubsection.4.5.2.11}{\376\377\000f\000i\000n\000d\000\137\000n\000a\000m\000e\000\137\000i\000n\000\137\000d\000i\000r\000\050\000\051}{subsection.4.5.2}% 32
\BOOKMARK [3][-]{subsubsection.4.5.2.12}{\376\377\000l\000i\000n\000k\000\137\000f\000i\000l\000e\000\050\000\051}{subsection.4.5.2}% 33
\BOOKMARK [3][-]{subsubsection.4.5.2.13}{\376\377\000l\000s\000\050\000\051}{subsection.4.5.2}% 34
\BOOKMARK [3][-]{subsubsection.4.5.2.14}{\376\377\000m\000k\000d\000i\000r\000\050\000\051}{subsection.4.5.2}% 35
\BOOKMARK [3][-]{subsubsection.4.5.2.15}{\376\377\000o\000p\000e\000n\000\137\000f\000i\000l\000e\000\050\000\051}{subsection.4.5.2}% 36
\BOOKMARK [3][-]{subsubsection.4.5.2.16}{\376\377\000p\000w\000d\000\050\000\051}{subsection.4.5.2}% 37
\BOOKMARK [3][-]{subsubsection.4.5.2.17}{\376\377\000r\000e\000a\000d\000\137\000f\000i\000l\000e\000\050\000\051}{subsection.4.5.2}% 38
\BOOKMARK [3][-]{subsubsection.4.5.2.18}{\376\377\000r\000m\000\050\000\051}{subsection.4.5.2}% 39
\BOOKMARK [3][-]{subsubsection.4.5.2.19}{\376\377\000r\000m\000\137\000d\000i\000r\000\137\000i\000t\000e\000m\000\050\000\051}{subsection.4.5.2}% 40
\BOOKMARK [3][-]{subsubsection.4.5.2.20}{\376\377\000r\000m\000d\000i\000r\000\050\000\051}{subsection.4.5.2}% 41
\BOOKMARK [3][-]{subsubsection.4.5.2.21}{\376\377\000w\000r\000i\000t\000e\000\137\000f\000i\000l\000e\000\050\000\051}{subsection.4.5.2}% 42
\BOOKMARK [1][-]{section.4.6}{\376\377\117\115\126\376}{chapter.4}% 43
\BOOKMARK [2][-]{subsection.4.6.1}{\376\377\213\346\176\306\143\317\217\360}{section.4.6}% 44
\BOOKMARK [1][-]{section.4.7}{\376\377\165\050\142\067\124\214\147\103\226\120}{chapter.4}% 45
\BOOKMARK [2][-]{subsection.4.7.1}{\376\377\213\346\176\306\143\317\217\360}{section.4.7}% 46
\BOOKMARK [2][-]{subsection.4.7.2}{\376\377\123\330\221\317\213\364\146\016}{section.4.7}% 47
\BOOKMARK [3][-]{subsubsection.4.7.2.1}{\376\377\000i\000d\000l\000e\000\137\000u\000i\000d}{subsection.4.7.2}% 48
\BOOKMARK [1][-]{section.4.8}{\376\377\147\103\226\120}{chapter.4}% 49
\BOOKMARK [2][-]{subsection.4.8.1}{\376\377\213\346\176\306\143\317\217\360}{section.4.8}% 50
\BOOKMARK [2][-]{subsection.4.8.2}{\376\377\121\375\145\160\213\364\146\016}{section.4.8}% 51
\BOOKMARK [3][-]{subsubsection.4.8.2.1}{\376\377\000a\000c\000c\000e\000s\000s\000\050\000\051}{subsection.4.8.2}% 52
\BOOKMARK [1][-]{section.4.9}{\376\377\210\114\116\072}{chapter.4}% 53
\BOOKMARK [2][-]{subsection.4.9.1}{\376\377\213\346\176\306\143\317\217\360}{section.4.9}% 54
\BOOKMARK [2][-]{subsection.4.9.2}{\376\377\121\375\145\160\213\364\146\016}{section.4.9}% 55
\BOOKMARK [3][-]{subsubsection.4.9.2.1}{\376\377\000a\000d\000d\000\137\000u\000s\000e\000r\000\050\000\051}{subsection.4.9.2}% 56
\BOOKMARK [3][-]{subsubsection.4.9.2.2}{\376\377\000f\000i\000n\000d\000\137\000u\000s\000e\000r\000\050\000\051}{subsection.4.9.2}% 57
\BOOKMARK [3][-]{subsubsection.4.9.2.3}{\376\377\000l\000o\000g\000i\000n\000\050\000\051}{subsection.4.9.2}% 58
\BOOKMARK [1][-]{section.4.10}{\376\377\116\244\116\222\176\310\172\357}{chapter.4}% 59
\BOOKMARK [2][-]{subsection.4.10.1}{\376\377\213\346\176\306\143\317\217\360}{section.4.10}% 60
\BOOKMARK [1][-]{section.4.11}{\376\377\116\244\116\222\143\245\123\343}{chapter.4}% 61
\BOOKMARK [2][-]{subsection.4.11.1}{\376\377\213\346\176\306\143\317\217\360}{section.4.11}% 62
\BOOKMARK [2][-]{subsection.4.11.2}{\376\377\121\375\145\160\213\364\146\016}{section.4.11}% 63
\BOOKMARK [3][-]{subsubsection.4.11.2.1}{\376\377\000a\000d\000d\000\137\000h\000i\000s\000t\000o\000r\000y\000\050\000\051}{subsection.4.11.2}% 64
\BOOKMARK [3][-]{subsubsection.4.11.2.2}{\376\377\000r\000e\000a\000d\000l\000i\000n\000e\000\050\000\051}{subsection.4.11.2}% 65
\BOOKMARK [3][-]{subsubsection.4.11.2.3}{\376\377\000r\000l\000\137\000g\000e\000t\000s\000\050\000\051}{subsection.4.11.2}% 66
\BOOKMARK [1][-]{section.4.12}{\376\377\143\007\116\344}{chapter.4}% 67
\BOOKMARK [2][-]{subsection.4.12.1}{\376\377\213\346\176\306\143\317\217\360}{section.4.12}% 68
\BOOKMARK [2][-]{subsection.4.12.2}{\376\377\133\217\133\232\116\111\213\364\146\016}{section.4.12}% 69
\BOOKMARK [3][-]{subsubsection.4.12.2.1}{\376\377\000C\000M\000D\000\137\000N}{subsection.4.12.2}% 70
\BOOKMARK [1][-]{section.4.13}{\376\377\143\007\116\344\210\114\116\072}{chapter.4}% 71
\BOOKMARK [2][-]{subsection.4.13.1}{\376\377\213\346\176\306\143\317\217\360}{section.4.13}% 72
\BOOKMARK [1][-]{section.4.14}{\376\377\133\214\121\150\116\015\167\345\220\123\136\162\116\300\116\110\165\050\166\204\116\034\211\177}{chapter.4}% 73
\BOOKMARK [2][-]{subsection.4.14.1}{\376\377\213\346\176\306\143\317\217\360}{section.4.14}% 74
\BOOKMARK [2][-]{subsection.4.14.2}{\376\377\121\375\145\160\213\364\146\016}{section.4.14}% 75
\BOOKMARK [3][-]{subsubsection.4.14.2.1}{\376\377\000c\000r\000e\000a\000t\000\137\000r\000e\000g\000\050\000\051}{subsection.4.14.2}% 76
\BOOKMARK [0][-]{chapter.5}{\376\377\176\323\147\204\117\123\213\364\146\016}{}% 77
\BOOKMARK [1][-]{section.5.1}{\376\377\000\137\000\137\000b\000l\000o\000c\000k\000\137\000n\000u\000m\000\137\000v\000a\000l\000i\000d\000a\000t\000o\000r\176\323\147\204\117\123\000\040\123\302\200\003}{chapter.5}% 78
\BOOKMARK [1][-]{section.5.2}{\376\377\000\137\000\137\000b\000l\000o\000c\000k\000\137\000s\000i\000z\000e\000\137\000v\000a\000l\000i\000d\000a\000t\000o\000r\176\323\147\204\117\123\000\040\123\302\200\003}{chapter.5}% 79
\BOOKMARK [1][-]{section.5.3}{\376\377\000\137\000\137\000i\000n\000d\000i\000r\000e\000c\000t\000\137\000i\000d\000x\000\137\0001\000\137\000n\000u\000m\000\137\000v\000a\000l\000i\000d\000a\000t\000o\000r\176\323\147\204\117\123\000\040\123\302\200\003}{chapter.5}% 80
\BOOKMARK [1][-]{section.5.4}{\376\377\000\137\000\137\000i\000n\000o\000d\000e\000\137\000n\000u\000m\000\137\000v\000a\000l\000i\000d\000a\000t\000o\000r\176\323\147\204\117\123\000\040\123\302\200\003}{chapter.5}% 81
\BOOKMARK [1][-]{section.5.5}{\376\377\000b\000l\000o\000c\000k\200\124\124\010\117\123\000\040\123\302\200\003}{chapter.5}% 82
\BOOKMARK [2][-]{subsection.5.5.1}{\376\377\213\346\176\306\143\317\217\360}{section.5.5}% 83
\BOOKMARK [1][-]{section.5.6}{\376\377\000c\000m\000d\176\323\147\204\117\123\000\040\123\302\200\003}{chapter.5}% 84
\BOOKMARK [2][-]{subsection.5.6.1}{\376\377\213\346\176\306\143\317\217\360}{section.5.6}% 85
\BOOKMARK [1][-]{section.5.7}{\376\377\000d\000i\000r\176\323\147\204\117\123\000\040\123\302\200\003}{chapter.5}% 86
\BOOKMARK [2][-]{subsection.5.7.1}{\376\377\213\346\176\306\143\317\217\360}{section.5.7}% 87
\BOOKMARK [1][-]{section.5.8}{\376\377\000d\000i\000r\000e\000n\000t\176\323\147\204\117\123\000\040\123\302\200\003}{chapter.5}% 88
\BOOKMARK [2][-]{subsection.5.8.1}{\376\377\213\346\176\306\143\317\217\360}{section.5.8}% 89
\BOOKMARK [1][-]{section.5.9}{\376\377\000d\000i\000r\000e\000n\000t\000s\176\323\147\204\117\123\000\040\123\302\200\003}{chapter.5}% 90
\BOOKMARK [2][-]{subsection.5.9.1}{\376\377\213\346\176\306\143\317\217\360}{section.5.9}% 91
\BOOKMARK [1][-]{section.5.10}{\376\377\000i\000n\000o\000d\000e\176\323\147\204\117\123\000\040\123\302\200\003}{chapter.5}% 92
\BOOKMARK [2][-]{subsection.5.10.1}{\376\377\213\346\176\306\143\317\217\360}{section.5.10}% 93
\BOOKMARK [1][-]{section.5.11}{\376\377\000s\000t\000a\000t\176\323\147\204\117\123\000\040\123\302\200\003}{chapter.5}% 94
\BOOKMARK [2][-]{subsection.5.11.1}{\376\377\213\346\176\306\143\317\217\360}{section.5.11}% 95
\BOOKMARK [1][-]{section.5.12}{\376\377\000u\000s\000e\000r\176\323\147\204\117\123\000\040\123\302\200\003}{chapter.5}% 96
\BOOKMARK [2][-]{subsection.5.12.1}{\376\377\213\346\176\306\143\317\217\360}{section.5.12}% 97
\BOOKMARK [0][-]{chapter.6}{\376\377\145\207\116\366\213\364\146\016}{}% 98
\BOOKMARK [1][-]{section.6.1}{\376\377\000i\000n\000c\000l\000u\000d\000e\000/\000c\000o\000n\000f\000i\000g\000.\000h\000\040\145\207\116\366\123\302\200\003}{chapter.6}% 99
\BOOKMARK [2][-]{subsection.6.1.1}{\376\377\213\346\176\306\143\317\217\360}{section.6.1}% 100
\BOOKMARK [1][-]{section.6.2}{\376\377\000i\000n\000c\000l\000u\000d\000e\000/\000d\000o\000c\000.\000h\000\040\145\207\116\366\123\302\200\003}{chapter.6}% 101
\BOOKMARK [2][-]{subsection.6.2.1}{\376\377\213\346\176\306\143\317\217\360}{section.6.2}% 102
\BOOKMARK [1][-]{section.6.3}{\376\377\000i\000n\000c\000l\000u\000d\000e\000/\000s\000h\000e\000l\000l\000/\000i\000o\000.\000h\000\040\145\207\116\366\123\302\200\003}{chapter.6}% 103
\BOOKMARK [2][-]{subsection.6.3.1}{\376\377\213\346\176\306\143\317\217\360}{section.6.3}% 104
\BOOKMARK [1][-]{section.6.4}{\376\377\000i\000n\000c\000l\000u\000d\000e\000/\000s\000h\000e\000l\000l\000/\000s\000h\000e\000l\000l\000.\000h\000\040\145\207\116\366\123\302\200\003}{chapter.6}% 105
\BOOKMARK [2][-]{subsection.6.4.1}{\376\377\213\346\176\306\143\317\217\360}{section.6.4}% 106
\BOOKMARK [1][-]{section.6.5}{\376\377\000i\000n\000c\000l\000u\000d\000e\000/\000s\000y\000s\000/\000f\000s\000/\000f\000s\000o\000p\000s\000.\000h\000\040\145\207\116\366\123\302\200\003}{chapter.6}% 107
\BOOKMARK [2][-]{subsection.6.5.1}{\376\377\213\346\176\306\143\317\217\360}{section.6.5}% 108
\BOOKMARK [1][-]{section.6.6}{\376\377\000i\000n\000c\000l\000u\000d\000e\000/\000s\000y\000s\000/\000f\000s\000/\000m\000e\000d\000i\000a\000c\000t\000r\000l\000.\000h\000\040\145\207\116\366\123\302\200\003}{chapter.6}% 109
\BOOKMARK [2][-]{subsection.6.6.1}{\376\377\213\346\176\306\143\317\217\360}{section.6.6}% 110
\BOOKMARK [1][-]{section.6.7}{\376\377\000i\000n\000c\000l\000u\000d\000e\000/\000s\000y\000s\000/\000f\000s\000/\000t\000y\000p\000e\000s\000/\000b\000l\000o\000c\000k\000.\000h\000\040\145\207\116\366\123\302\200\003}{chapter.6}% 111
\BOOKMARK [1][-]{section.6.8}{\376\377\000i\000n\000c\000l\000u\000d\000e\000/\000s\000y\000s\000/\000f\000s\000/\000t\000y\000p\000e\000s\000/\000d\000i\000r\000.\000h\000\040\145\207\116\366\123\302\200\003}{chapter.6}% 112
\BOOKMARK [2][-]{subsection.6.8.1}{\376\377\213\346\176\306\143\317\217\360}{section.6.8}% 113
\BOOKMARK [1][-]{section.6.9}{\376\377\000i\000n\000c\000l\000u\000d\000e\000/\000s\000y\000s\000/\000f\000s\000/\000t\000y\000p\000e\000s\000/\000d\000i\000r\000e\000n\000t\000.\000h\000\040\145\207\116\366\123\302\200\003}{chapter.6}% 114
\BOOKMARK [2][-]{subsection.6.9.1}{\376\377\213\346\176\306\143\317\217\360}{section.6.9}% 115
\BOOKMARK [1][-]{section.6.10}{\376\377\000i\000n\000c\000l\000u\000d\000e\000/\000s\000y\000s\000/\000f\000s\000/\000t\000y\000p\000e\000s\000/\000d\000i\000r\000e\000n\000t\000s\000.\000h\000\040\145\207\116\366\123\302\200\003}{chapter.6}% 116
\BOOKMARK [2][-]{subsection.6.10.1}{\376\377\213\346\176\306\143\317\217\360}{section.6.10}% 117
\BOOKMARK [1][-]{section.6.11}{\376\377\000i\000n\000c\000l\000u\000d\000e\000/\000s\000y\000s\000/\000f\000s\000/\000t\000y\000p\000e\000s\000/\000i\000n\000o\000d\000e\000.\000h\000\040\145\207\116\366\123\302\200\003}{chapter.6}% 118
\BOOKMARK [2][-]{subsection.6.11.1}{\376\377\213\346\176\306\143\317\217\360}{section.6.11}% 119
\BOOKMARK [1][-]{section.6.12}{\376\377\000i\000n\000c\000l\000u\000d\000e\000/\000s\000y\000s\000/\000f\000s\000/\000t\000y\000p\000e\000s\000/\000s\000t\000a\000t\000.\000h\000\040\145\207\116\366\123\302\200\003}{chapter.6}% 120
\BOOKMARK [2][-]{subsection.6.12.1}{\376\377\213\346\176\306\143\317\217\360}{section.6.12}% 121
\BOOKMARK [1][-]{section.6.13}{\376\377\000i\000n\000c\000l\000u\000d\000e\000/\000s\000y\000s\000/\000p\000e\000r\000m\000i\000s\000s\000i\000o\000n\000.\000h\000\040\145\207\116\366\123\302\200\003}{chapter.6}% 122
\BOOKMARK [2][-]{subsection.6.13.1}{\376\377\213\346\176\306\143\317\217\360}{section.6.13}% 123
\BOOKMARK [1][-]{section.6.14}{\376\377\000i\000n\000c\000l\000u\000d\000e\000/\000s\000y\000s\000/\000u\000s\000e\000r\000.\000h\000\040\145\207\116\366\123\302\200\003}{chapter.6}% 124
\BOOKMARK [2][-]{subsection.6.14.1}{\376\377\213\346\176\306\143\317\217\360}{section.6.14}% 125
